Arguments: 
  /usr/bin/node /usr/bin/yarn install --module-folder ./_assets/yarn

PATH: 
  /home/timidger/perl5/bin:/home/timidger/.cargo/bin:/home/timidger/.gem/ruby/2.4.0/bin:/home/timidger/wayland-install/bin:/home/timidger/bin:/home/timidger/.cargo/bin:/home/timidger/bin:/home/timidger/perl5/bin:/home/timidger/.cargo/bin:/home/timidger/.gem/ruby/2.4.0/bin:/home/timidger/wayland-install/bin:/home/timidger/bin:/home/timidger/.cargo/bin:/home/timidger/bin:/home/timidger/perl5/bin:/home/timidger/.cargo/bin:/home/timidger/.gem/ruby/2.4.0/bin:/home/timidger/wayland-install/bin:/home/timidger/bin:/home/timidger/.cargo/bin:/home/timidger/bin:/usr/local/sbin:/usr/local/bin:/usr/bin:/usr/lib/jvm/default/bin:/usr/bin/site_perl:/usr/bin/vendor_perl:/usr/bin/core_perl:/home/timidger/.rvm/bin:/bin:/home/timidger/.rvm/bin:/bin:/home/timidger/.rvm/bin:/bin

Yarn version: 
  1.3.2

Node version: 
  9.4.0

Platform: 
  linux x64

npm manifest: 
  {
    "name": "chalk",
    "dependencies": {
      "fluidbox": "^2.0.5",
      "jquery": "^3.2.1",
      "retinajs": "^2.1.1",
      "svgxuse": "^1.2.4",
      "throttle-debounce-fn": "^1.0.1",
      "webfontloader": "^1.6.28"
    }
  }

yarn manifest: 
  No manifest

Lockfile: 
  No lockfile

Trace: 
  Error: EACCES: permission denied, unlink '/home/timidger/src/timidger.github.io/node_modules/jquery/package.json'
